/home/andretg/challenge-sbpo-2025/datasets/a/instance_0020.txt, 0.3659, 5.0000
/home/andretg/challenge-sbpo-2025/datasets/a/instance_0001.txt, 0.8257, 15.0000
/home/andretg/challenge-sbpo-2025/datasets/a/instance_0003.txt, 0.9802, 12.0000
/home/andretg/challenge-sbpo-2025/datasets/a/instance_0018.txt, 17.1689, 117.2000
/home/andretg/challenge-sbpo-2025/datasets/a/instance_0012.txt, 1.4766, 11.2500
/home/andretg/challenge-sbpo-2025/datasets/a/instance_0004.txt, 0.3485, 3.5000
/home/andretg/challenge-sbpo-2025/datasets/a/instance_0017.txt, 2.4745, 36.5000
/home/andretg/challenge-sbpo-2025/datasets/a/instance_0009.txt, 1.1355, 4.4167
/home/andretg/challenge-sbpo-2025/datasets/a/instance_0019.txt, 30.0474, 202.0000


/home/andretg/challenge-sbpo-2025/datasets/a/instance_0020.txt, 0.3876, 5.0000
/home/andretg/challenge-sbpo-2025/datasets/a/instance_0001.txt, 0.6110, 15.0000
/home/andretg/challenge-sbpo-2025/datasets/a/instance_0003.txt, 0.6136, 12.0000
/home/andretg/challenge-sbpo-2025/datasets/a/instance_0018.txt, 12.5595, 117.2000
/home/andretg/challenge-sbpo-2025/datasets/a/instance_0012.txt, 1.4239, 11.2500
/home/andretg/challenge-sbpo-2025/datasets/a/instance_0004.txt, 0.4064, 3.5000
/home/andretg/challenge-sbpo-2025/datasets/a/instance_0017.txt, 2.8505, 36.5000
/home/andretg/challenge-sbpo-2025/datasets/a/instance_0009.txt, 1.0749, 4.4167
/home/andretg/challenge-sbpo-2025/datasets/a/instance_0019.txt, 22.4408, 202.0000
/home/andretg/challenge-sbpo-2025/datasets/a/instance_0002.txt, 0.3684, 2.0000
/home/andretg/challenge-sbpo-2025/datasets/a/instance_0016.txt, 14.7594, 85.0000
